<?xml version="1.0" encoding="UTF-8"?>
<testsuite xmlns:xsi="http://www.w3.org/2001/XMLSchema-instance" xsi:noNamespaceSchemaLocation="https://maven.apache.org/surefire/maven-surefire-plugin/xsd/surefire-test-report.xsd" name="vn.edu.vtc.dal.UserDalTest" time="0.001" tests="1" errors="0" skipped="0" failures="1">
  <properties>
[...]
</properties>
  <testcase name="login1" classname="vn.edu.vtc.dal.UserDalTest" time="0.001">
    <failure type="java.lang.AssertionError">java.lang.AssertionError
	at vn.edu.vtc.dal.UserDalTest.login1(UserDalTest.java:9)
</failure>
  </testcase>
</testsuite>